
> web@0.1.0 lint /app/apps/web
> eslint "src/**/*.{ts,tsx}" --fix


/app/apps/web/src/app/admin/assets/page.tsx
   61:9   warning  'router' is assigned a value but never used  @typescript-eslint/no-unused-vars
   66:46  warning  Unexpected any. Specify a different type     @typescript-eslint/no-explicit-any
   67:54  warning  Unexpected any. Specify a different type     @typescript-eslint/no-explicit-any
   69:58  warning  Unexpected any. Specify a different type     @typescript-eslint/no-explicit-any
   71:58  warning  Unexpected any. Specify a different type     @typescript-eslint/no-explicit-any
   75:50  warning  Unexpected any. Specify a different type     @typescript-eslint/no-explicit-any
  108:14  warning  'error' is defined but never used            @typescript-eslint/no-unused-vars
  122:14  warning  'e' is defined but never used                @typescript-eslint/no-unused-vars
  132:36  warning  Unexpected any. Specify a different type     @typescript-eslint/no-explicit-any
  197:14  warning  'error' is defined but never used            @typescript-eslint/no-unused-vars
  214:14  warning  'error' is defined but never used            @typescript-eslint/no-unused-vars
  219:41  warning  Unexpected any. Specify a different type     @typescript-eslint/no-explicit-any
  227:14  warning  'error' is defined but never used            @typescript-eslint/no-unused-vars
  631:45  warning  Unexpected any. Specify a different type     @typescript-eslint/no-explicit-any
  767:43  warning  Unexpected any. Specify a different type     @typescript-eslint/no-explicit-any

/app/apps/web/src/app/admin/page.tsx
  4:56  warning  'Database' is defined but never used       @typescript-eslint/no-unused-vars
  4:66  warning  'Clock' is defined but never used          @typescript-eslint/no-unused-vars
  4:73  warning  'UserPlus' is defined but never used       @typescript-eslint/no-unused-vars
  4:83  warning  'AlertTriangle' is defined but never used  @typescript-eslint/no-unused-vars
  7:10  warning  'Card' is defined but never used           @typescript-eslint/no-unused-vars

/app/apps/web/src/app/api/admin/assets/route.ts
    8:79  warning  Unexpected any. Specify a different type  @typescript-eslint/no-explicit-any
   36:29  warning  Unexpected any. Specify a different type  @typescript-eslint/no-explicit-any
   37:19  warning  Unexpected any. Specify a different type  @typescript-eslint/no-explicit-any
   54:79  warning  Unexpected any. Specify a different type  @typescript-eslint/no-explicit-any
  101:79  warning  Unexpected any. Specify a different type  @typescript-eslint/no-explicit-any
  143:79  warning  Unexpected any. Specify a different type  @typescript-eslint/no-explicit-any

/app/apps/web/src/app/api/admin/assets/stats/route.ts
  8:79  warning  Unexpected any. Specify a different type  @typescript-eslint/no-explicit-any

/app/apps/web/src/app/api/admin/profile-assets/route.ts
   6:27  warning  'request' is defined but never used. Allowed unused args must match /^_/u  @typescript-eslint/no-unused-vars
   8:79  warning  Unexpected any. Specify a different type                                   @typescript-eslint/no-explicit-any
  26:79  warning  Unexpected any. Specify a different type                                   @typescript-eslint/no-explicit-any

/app/apps/web/src/app/api/agora/token/route.ts
   6:10  warning  'prisma' is defined but never used        @typescript-eslint/no-unused-vars
  10:79  warning  Unexpected any. Specify a different type  @typescript-eslint/no-explicit-any

/app/apps/web/src/app/api/assistant/chat/route.ts
   4:10  warning  'prisma' is defined but never used                    @typescript-eslint/no-unused-vars
  26:15  warning  'securityContext' is assigned a value but never used  @typescript-eslint/no-unused-vars

/app/apps/web/src/app/api/auth/ably/route.ts
   7:77  warning  Unexpected any. Specify a different type  @typescript-eslint/no-explicit-any
  34:12  warning  'error' is defined but never used         @typescript-eslint/no-unused-vars

/app/apps/web/src/app/api/auth/dodopayments/webhooks/route.ts
   4:28  warning  'request' is defined but never used. Allowed unused args must match /^_/u  @typescript-eslint/no-unused-vars
  14:19  warning  Unexpected any. Specify a different type                                   @typescript-eslint/no-explicit-any

/app/apps/web/src/app/api/auth/oauth2/authorize/route.ts
  12:79  warning  Unexpected any. Specify a different type  @typescript-eslint/no-explicit-any

/app/apps/web/src/app/api/auth/oauth2/token/route.ts
  72:16  warning  'e' is defined but never used  @typescript-eslint/no-unused-vars

/app/apps/web/src/app/api/calls/[callId]/invite/route.ts
  78:56  warning  Unexpected any. Specify a different type  @typescript-eslint/no-explicit-any

/app/apps/web/src/app/api/calls/[callId]/participants/route.ts
  11:79  warning  Unexpected any. Specify a different type  @typescript-eslint/no-explicit-any

/app/apps/web/src/app/api/calls/[callId]/route.ts
  12:79  warning  Unexpected any. Specify a different type  @typescript-eslint/no-explicit-any

/app/apps/web/src/app/api/calls/route.ts
  32:38  warning  Unexpected any. Specify a different type  @typescript-eslint/no-explicit-any
  38:53  warning  Unexpected any. Specify a different type  @typescript-eslint/no-explicit-any

/app/apps/web/src/app/api/calls/scheduled/route.ts
   9:79  warning  Unexpected any. Specify a different type  @typescript-eslint/no-explicit-any
  46:79  warning  Unexpected any. Specify a different type  @typescript-eslint/no-explicit-any

/app/apps/web/src/app/api/calls/soundboard/route.ts
  10:79  warning  Unexpected any. Specify a different type  @typescript-eslint/no-explicit-any

/app/apps/web/src/app/api/channels/[id]/messages/[messageId]/action/route.ts
   20:79  warning  Unexpected any. Specify a different type  @typescript-eslint/no-explicit-any
   25:13  warning  'id' is assigned a value but never used   @typescript-eslint/no-unused-vars
   68:46  warning  Unexpected any. Specify a different type  @typescript-eslint/no-explicit-any
   78:37  warning  Unexpected any. Specify a different type  @typescript-eslint/no-explicit-any
  188:79  warning  Unexpected any. Specify a different type  @typescript-eslint/no-explicit-any
  193:13  warning  'id' is assigned a value but never used   @typescript-eslint/no-unused-vars

/app/apps/web/src/app/api/channels/[id]/messages/[messageId]/reactions/[emoji]/route.ts
  11:79  warning  Unexpected any. Specify a different type  @typescript-eslint/no-explicit-any

/app/apps/web/src/app/api/channels/[id]/messages/[messageId]/reactions/route.ts
  10:79  warning  Unexpected any. Specify a different type  @typescript-eslint/no-explicit-any

/app/apps/web/src/app/api/channels/[id]/messages/[messageId]/read/route.ts
  11:79  warning  Unexpected any. Specify a different type          @typescript-eslint/no-explicit-any
  19:11  warning  'messageRead' is assigned a value but never used  @typescript-eslint/no-unused-vars

/app/apps/web/src/app/api/channels/[id]/messages/[messageId]/reply/route.ts
  14:79  warning  Unexpected any. Specify a different type  @typescript-eslint/no-explicit-any

/app/apps/web/src/app/api/channels/[id]/messages/[messageId]/route.ts
   9:79  warning  Unexpected any. Specify a different type  @typescript-eslint/no-explicit-any
  60:79  warning  Unexpected any. Specify a different type  @typescript-eslint/no-explicit-any

/app/apps/web/src/app/api/channels/[id]/messages/read/route.ts
  11:17  warning  'channelId' is assigned a value but never used  @typescript-eslint/no-unused-vars
  12:79  warning  Unexpected any. Specify a different type        @typescript-eslint/no-explicit-any

/app/apps/web/src/app/api/channels/[id]/messages/route.ts
   17:79  warning  Unexpected any. Specify a different type  @typescript-eslint/no-explicit-any
   78:79  warning  Unexpected any. Specify a different type  @typescript-eslint/no-explicit-any
  136:47  warning  Unexpected any. Specify a different type  @typescript-eslint/no-explicit-any

/app/apps/web/src/app/api/channels/[id]/messages/search/route.ts
   8:79  warning  Unexpected any. Specify a different type  @typescript-eslint/no-explicit-any
  22:24  warning  Unexpected any. Specify a different type  @typescript-eslint/no-explicit-any

/app/apps/web/src/app/api/channels/auth/ably/route.ts
  7:27  warning  'request' is defined but never used. Allowed unused args must match /^_/u  @typescript-eslint/no-unused-vars
  9:79  warning  Unexpected any. Specify a different type                                   @typescript-eslint/no-explicit-any

/app/apps/web/src/app/api/channels/route.ts
   6:27  warning  'request' is defined but never used. Allowed unused args must match /^_/u  @typescript-eslint/no-unused-vars
   8:79  warning  Unexpected any. Specify a different type                                   @typescript-eslint/no-explicit-any
  31:12  warning  'error' is defined but never used                                          @typescript-eslint/no-unused-vars
  38:79  warning  Unexpected any. Specify a different type                                   @typescript-eslint/no-explicit-any
  74:19  warning  Unexpected any. Specify a different type                                   @typescript-eslint/no-explicit-any

/app/apps/web/src/app/api/developer/applications/[id]/bot/route.ts
  11:77  warning  Unexpected any. Specify a different type  @typescript-eslint/no-explicit-any

/app/apps/web/src/app/api/developer/applications/[id]/global/route.ts
  10:77  warning  Unexpected any. Specify a different type  @typescript-eslint/no-explicit-any

/app/apps/web/src/app/api/developer/applications/[id]/invite/route.ts
   5:10  warning  'Permissions' is defined but never used   @typescript-eslint/no-unused-vars
  11:77  warning  Unexpected any. Specify a different type  @typescript-eslint/no-explicit-any

/app/apps/web/src/app/api/developer/applications/route.ts
   8:77  warning  Unexpected any. Specify a different type  @typescript-eslint/no-explicit-any
  22:77  warning  Unexpected any. Specify a different type  @typescript-eslint/no-explicit-any

/app/apps/web/src/app/api/device-tokens/route.ts
   8:79  warning  Unexpected any. Specify a different type                                   @typescript-eslint/no-explicit-any
  57:27  warning  'request' is defined but never used. Allowed unused args must match /^_/u  @typescript-eslint/no-unused-vars
  59:79  warning  Unexpected any. Specify a different type                                   @typescript-eslint/no-explicit-any
  83:79  warning  Unexpected any. Specify a different type                                   @typescript-eslint/no-explicit-any

/app/apps/web/src/app/api/dms/[conversationId]/mark-read/route.ts
  11:13  warning  'conversationId' is assigned a value but never used  @typescript-eslint/no-unused-vars
  12:79  warning  Unexpected any. Specify a different type             @typescript-eslint/no-explicit-any

/app/apps/web/src/app/api/dms/[conversationId]/messages/[messageId]/reactions/route.ts
  12:79  warning  Unexpected any. Specify a different type  @typescript-eslint/no-explicit-any

/app/apps/web/src/app/api/dms/[conversationId]/messages/route.ts
  12:79  warning  Unexpected any. Specify a different type  @typescript-eslint/no-explicit-any
  76:79  warning  Unexpected any. Specify a different type  @typescript-eslint/no-explicit-any
  93:47  warning  Unexpected any. Specify a different type  @typescript-eslint/no-explicit-any

/app/apps/web/src/app/api/dms/[conversationId]/route.ts
  12:79  warning  Unexpected any. Specify a different type  @typescript-eslint/no-explicit-any
  58:79  warning  Unexpected any. Specify a different type  @typescript-eslint/no-explicit-any

/app/apps/web/src/app/api/dms/route.ts
    8:27  warning  'request' is defined but never used. Allowed unused args must match /^_/u  @typescript-eslint/no-unused-vars
   10:79  warning  Unexpected any. Specify a different type                                   @typescript-eslint/no-explicit-any
  111:79  warning  Unexpected any. Specify a different type                                   @typescript-eslint/no-explicit-any

/app/apps/web/src/app/api/friends/requests/route.ts
  28:18  warning  Unexpected any. Specify a different type  @typescript-eslint/no-explicit-any

/app/apps/web/src/app/api/integrations/webhooks/route.ts
  18:27  warning  'request' is defined but never used. Allowed unused args must match /^_/u  @typescript-eslint/no-unused-vars
  20:79  warning  Unexpected any. Specify a different type                                   @typescript-eslint/no-explicit-any
  31:12  warning  'error' is defined but never used                                          @typescript-eslint/no-unused-vars
  42:79  warning  Unexpected any. Specify a different type                                   @typescript-eslint/no-explicit-any

/app/apps/web/src/app/api/invitations/[token]/accept/route.ts
  11:79  warning  Unexpected any. Specify a different type  @typescript-eslint/no-explicit-any

/app/apps/web/src/app/api/invitations/route.ts
  18:79  warning  Unexpected any. Specify a different type  @typescript-eslint/no-explicit-any
  70:79  warning  Unexpected any. Specify a different type  @typescript-eslint/no-explicit-any

/app/apps/web/src/app/api/link-preview/route.ts
  7:79  warning  Unexpected any. Specify a different type  @typescript-eslint/no-explicit-any

/app/apps/web/src/app/api/messages/[messageId]/actions/[actionId]/route.ts
  12:79  warning  Unexpected any. Specify a different type  @typescript-eslint/no-explicit-any

/app/apps/web/src/app/api/notifications/[notificationId]/route.ts
   8:79  warning  Unexpected any. Specify a different type  @typescript-eslint/no-explicit-any
  36:79  warning  Unexpected any. Specify a different type  @typescript-eslint/no-explicit-any

/app/apps/web/src/app/api/notifications/mark-all-read/route.ts
  6:28  warning  'request' is defined but never used. Allowed unused args must match /^_/u  @typescript-eslint/no-unused-vars
  8:79  warning  Unexpected any. Specify a different type                                   @typescript-eslint/no-explicit-any

/app/apps/web/src/app/api/notifications/route.ts
  8:79  warning  Unexpected any. Specify a different type  @typescript-eslint/no-explicit-any

/app/apps/web/src/app/api/notifications/settings/channel/route.ts
   8:79  warning  Unexpected any. Specify a different type  @typescript-eslint/no-explicit-any
  41:79  warning  Unexpected any. Specify a different type  @typescript-eslint/no-explicit-any

/app/apps/web/src/app/api/notifications/settings/workspace/route.ts
   8:79  warning  Unexpected any. Specify a different type  @typescript-eslint/no-explicit-any
  41:79  warning  Unexpected any. Specify a different type  @typescript-eslint/no-explicit-any

/app/apps/web/src/app/api/profile-assets/route.ts
  8:79  warning  Unexpected any. Specify a different type  @typescript-eslint/no-explicit-any

/app/apps/web/src/app/api/push-notifications/test/route.ts
  8:79  warning  Unexpected any. Specify a different type  @typescript-eslint/no-explicit-any

/app/apps/web/src/app/api/scheduled-notifications/[id]/route.ts
   4:10  warning  'prisma' is defined but never used        @typescript-eslint/no-unused-vars
  18:79  warning  Unexpected any. Specify a different type  @typescript-eslint/no-explicit-any
  48:79  warning  Unexpected any. Specify a different type  @typescript-eslint/no-explicit-any

/app/apps/web/src/app/api/scheduled-notifications/route.ts
   4:10  warning  'prisma' is defined but never used        @typescript-eslint/no-unused-vars
  13:79  warning  Unexpected any. Specify a different type  @typescript-eslint/no-explicit-any
  36:79  warning  Unexpected any. Specify a different type  @typescript-eslint/no-explicit-any

/app/apps/web/src/app/api/users/[userId]/badges/route.ts
  8:79  warning  Unexpected any. Specify a different type  @typescript-eslint/no-explicit-any

/app/apps/web/src/app/api/users/[userId]/route.ts
  12:79  warning  Unexpected any. Specify a different type  @typescript-eslint/no-explicit-any
  53:79  warning  Unexpected any. Specify a different type  @typescript-eslint/no-explicit-any

/app/apps/web/src/app/api/users/me/route.ts
  6:27  warning  'request' is defined but never used. Allowed unused args must match /^_/u  @typescript-eslint/no-unused-vars
  8:79  warning  Unexpected any. Specify a different type                                   @typescript-eslint/no-explicit-any

/app/apps/web/src/app/api/users/search/route.ts
  8:79  warning  Unexpected any. Specify a different type  @typescript-eslint/no-explicit-any

/app/apps/web/src/app/api/v1/channels/route.ts
   5:23  warning  'AblyChannels' is defined but never used  @typescript-eslint/no-unused-vars
  18:53  warning  Unexpected any. Specify a different type  @typescript-eslint/no-explicit-any
  65:12  warning  'error' is defined but never used         @typescript-eslint/no-unused-vars
  72:53  warning  Unexpected any. Specify a different type  @typescript-eslint/no-explicit-any

/app/apps/web/src/app/api/v1/messages/[messageId]/action/route.ts
   18:80  warning  Unexpected any. Specify a different type  @typescript-eslint/no-explicit-any
   20:79  warning  Unexpected any. Specify a different type  @typescript-eslint/no-explicit-any
   68:46  warning  Unexpected any. Specify a different type  @typescript-eslint/no-explicit-any
   78:37  warning  Unexpected any. Specify a different type  @typescript-eslint/no-explicit-any
  186:79  warning  Unexpected any. Specify a different type  @typescript-eslint/no-explicit-any
  188:79  warning  Unexpected any. Specify a different type  @typescript-eslint/no-explicit-any

/app/apps/web/src/app/api/v1/messages/route.ts
  41:53  warning  Unexpected any. Specify a different type  @typescript-eslint/no-explicit-any

/app/apps/web/src/app/api/v1/pats/route.ts
  14:27  warning  'request' is defined but never used. Allowed unused args must match /^_/u  @typescript-eslint/no-unused-vars
  16:79  warning  Unexpected any. Specify a different type                                   @typescript-eslint/no-explicit-any
  27:12  warning  'error' is defined but never used                                          @typescript-eslint/no-unused-vars
  34:79  warning  Unexpected any. Specify a different type                                   @typescript-eslint/no-explicit-any

/app/apps/web/src/app/api/v1/workspaces/[workspaceId]/members/route.ts
   7:53  warning  Unexpected any. Specify a different type  @typescript-eslint/no-explicit-any
  37:12  warning  'error' is defined but never used         @typescript-eslint/no-unused-vars

/app/apps/web/src/app/api/v1/workspaces/[workspaceId]/settings/route.ts
  13:81  warning  Unexpected any. Specify a different type  @typescript-eslint/no-explicit-any
  15:53  warning  Unexpected any. Specify a different type  @typescript-eslint/no-explicit-any
  38:36  warning  Unexpected any. Specify a different type  @typescript-eslint/no-explicit-any

/app/apps/web/src/app/api/v10/channels/[id]/messages/route.ts
  11:48  warning  Unexpected any. Specify a different type  @typescript-eslint/no-explicit-any

/app/apps/web/src/app/api/v10/discord-utils.ts
  6:29  warning  Unexpected any. Specify a different type  @typescript-eslint/no-explicit-any

/app/apps/web/src/app/api/v10/gateway/bot/route.ts
  5:54  warning  Unexpected any. Specify a different type  @typescript-eslint/no-explicit-any

/app/apps/web/src/app/api/v10/guilds/[id]/route.ts
   1:10  warning  'NextResponse' is defined but never used  @typescript-eslint/no-unused-vars
  10:48  warning  Unexpected any. Specify a different type  @typescript-eslint/no-explicit-any

/app/apps/web/src/app/api/v10/users/@me/route.ts
  5:48  warning  Unexpected any. Specify a different type  @typescript-eslint/no-explicit-any

/app/apps/web/src/app/api/v2/messages/[messageId]/actions/[actionId]/route.ts
  17:64  warning  Unexpected any. Specify a different type  @typescript-eslint/no-explicit-any

/app/apps/web/src/app/api/v2/workspaces/[slug]/api-tokens/[tokenId]/rotate/route.ts
  11:64  warning  Unexpected any. Specify a different type  @typescript-eslint/no-explicit-any
  41:14  warning  'error' is defined but never used         @typescript-eslint/no-unused-vars

/app/apps/web/src/app/api/v2/workspaces/[slug]/api-tokens/[tokenId]/route.ts
  10:64  warning  Unexpected any. Specify a different type  @typescript-eslint/no-explicit-any
  33:14  warning  'error' is defined but never used         @typescript-eslint/no-unused-vars

/app/apps/web/src/app/api/v2/workspaces/[slug]/api-tokens/route.ts
  41:64  warning  Unexpected any. Specify a different type  @typescript-eslint/no-explicit-any
  75:64  warning  Unexpected any. Specify a different type  @typescript-eslint/no-explicit-any
  94:50  warning  Unexpected any. Specify a different type  @typescript-eslint/no-explicit-any

/app/apps/web/src/app/api/v2/workspaces/[slug]/channels/[channelId]/route.ts
   18:62  warning  Unexpected any. Specify a different type  @typescript-eslint/no-explicit-any
   49:62  warning  Unexpected any. Specify a different type  @typescript-eslint/no-explicit-any
   88:62  warning  Unexpected any. Specify a different type  @typescript-eslint/no-explicit-any
  104:12  warning  'error' is defined but never used         @typescript-eslint/no-unused-vars

/app/apps/web/src/app/api/v2/workspaces/[slug]/channels/route.ts
  21:62  warning  Unexpected any. Specify a different type  @typescript-eslint/no-explicit-any
  61:62  warning  Unexpected any. Specify a different type  @typescript-eslint/no-explicit-any
  79:32  warning  Unexpected any. Specify a different type  @typescript-eslint/no-explicit-any

/app/apps/web/src/app/api/v2/workspaces/[slug]/members/[userId]/route.ts
  10:62  warning  Unexpected any. Specify a different type  @typescript-eslint/no-explicit-any
  46:12  warning  'error' is defined but never used         @typescript-eslint/no-unused-vars

/app/apps/web/src/app/api/v2/workspaces/[slug]/members/route.ts
  17:62  warning  Unexpected any. Specify a different type  @typescript-eslint/no-explicit-any
  60:62  warning  Unexpected any. Specify a different type  @typescript-eslint/no-explicit-any

/app/apps/web/src/app/api/v2/workspaces/[slug]/messages/route.ts
   33:33  warning  Unexpected any. Specify a different type  @typescript-eslint/no-explicit-any
   36:62  warning  Unexpected any. Specify a different type  @typescript-eslint/no-explicit-any
   99:33  warning  Unexpected any. Specify a different type  @typescript-eslint/no-explicit-any
  102:62  warning  Unexpected any. Specify a different type  @typescript-eslint/no-explicit-any
  165:29  warning  Unexpected any. Specify a different type  @typescript-eslint/no-explicit-any
  254:79  warning  Unexpected any. Specify a different type  @typescript-eslint/no-explicit-any

/app/apps/web/src/app/api/v2/workspaces/[slug]/search/members/route.ts
  10:64  warning  Unexpected any. Specify a different type  @typescript-eslint/no-explicit-any

/app/apps/web/src/app/api/v2/workspaces/[slug]/search/messages/route.ts
  10:64  warning  Unexpected any. Specify a different type  @typescript-eslint/no-explicit-any

/app/apps/web/src/app/api/v2/workspaces/[slug]/threads/[threadId]/messages/route.ts
  10:64  warning  Unexpected any. Specify a different type  @typescript-eslint/no-explicit-any

/app/apps/web/src/app/api/v2/workspaces/[slug]/threads/context/[contextId]/route.ts
  10:62  warning  Unexpected any. Specify a different type  @typescript-eslint/no-explicit-any

/app/apps/web/src/app/api/v2/workspaces/[slug]/threads/route.ts
  10:64  warning  Unexpected any. Specify a different type  @typescript-eslint/no-explicit-any

/app/apps/web/src/app/api/v2/workspaces/[slug]/webhooks/[webhookId]/route.ts
  18:64  warning  Unexpected any. Specify a different type  @typescript-eslint/no-explicit-any
  44:64  warning  Unexpected any. Specify a different type  @typescript-eslint/no-explicit-any
  76:64  warning  Unexpected any. Specify a different type  @typescript-eslint/no-explicit-any
  99:14  warning  'error' is defined but never used         @typescript-eslint/no-unused-vars

/app/apps/web/src/app/api/v2/workspaces/[slug]/webhooks/route.ts
  19:64  warning  Unexpected any. Specify a different type  @typescript-eslint/no-explicit-any
  41:64  warning  Unexpected any. Specify a different type  @typescript-eslint/no-explicit-any

/app/apps/web/src/app/api/webhooks/incoming/[token]/route.ts
  44:41  warning  Unexpected any. Specify a different type  @typescript-eslint/no-explicit-any

/app/apps/web/src/app/api/webhooks/route.ts
   3:41  warning  'isRateLimitExceeded' is defined but never used  @typescript-eslint/no-unused-vars
  16:53  warning  Unexpected any. Specify a different type         @typescript-eslint/no-explicit-any
  25:12  warning  'error' is defined but never used                @typescript-eslint/no-unused-vars
  32:53  warning  Unexpected any. Specify a different type         @typescript-eslint/no-explicit-any
  48:27  warning  Unexpected any. Specify a different type         @typescript-eslint/no-explicit-any

/app/apps/web/src/app/api/workspaces/[workspaceId]/api-tokens/[tokenId]/route.ts
  12:79  warning  Unexpected any. Specify a different type  @typescript-eslint/no-explicit-any

/app/apps/web/src/app/api/workspaces/[workspaceId]/api-tokens/route.ts
  36:79  warning  Unexpected any. Specify a different type  @typescript-eslint/no-explicit-any
  82:79  warning  Unexpected any. Specify a different type  @typescript-eslint/no-explicit-any

/app/apps/web/src/app/api/workspaces/[workspaceId]/audit-logs/export/route.ts
  9:79  warning  Unexpected any. Specify a different type  @typescript-eslint/no-explicit-any

/app/apps/web/src/app/api/workspaces/[workspaceId]/audit-logs/route.ts
  9:79  warning  Unexpected any. Specify a different type  @typescript-eslint/no-explicit-any

/app/apps/web/src/app/api/workspaces/[workspaceId]/channels/[channelId]/messages/[messageId]/reactions/[emoji]/route.ts
  11:79  warning  Unexpected any. Specify a different type  @typescript-eslint/no-explicit-any

/app/apps/web/src/app/api/workspaces/[workspaceId]/channels/[channelId]/messages/[messageId]/reactions/route.ts
  11:79  warning  Unexpected any. Specify a different type  @typescript-eslint/no-explicit-any

/app/apps/web/src/app/api/workspaces/[workspaceId]/channels/[channelId]/messages/[messageId]/replies/route.ts
  13:79  warning  Unexpected any. Specify a different type  @typescript-eslint/no-explicit-any
  39:45  warning  Unexpected any. Specify a different type  @typescript-eslint/no-explicit-any

/app/apps/web/src/app/api/workspaces/[workspaceId]/channels/[channelId]/messages/[messageId]/route.ts
  13:79  warning  Unexpected any. Specify a different type  @typescript-eslint/no-explicit-any
  63:79  warning  Unexpected any. Specify a different type  @typescript-eslint/no-explicit-any

/app/apps/web/src/app/api/workspaces/[workspaceId]/channels/[channelId]/messages/read/route.ts
  12:79  warning  Unexpected any. Specify a different type  @typescript-eslint/no-explicit-any

/app/apps/web/src/app/api/workspaces/[workspaceId]/channels/[channelId]/messages/route.ts
   20:79  warning  Unexpected any. Specify a different type  @typescript-eslint/no-explicit-any
   90:79  warning  Unexpected any. Specify a different type  @typescript-eslint/no-explicit-any
  134:45  warning  Unexpected any. Specify a different type  @typescript-eslint/no-explicit-any

/app/apps/web/src/app/api/workspaces/[workspaceId]/channels/[channelId]/route.ts
   21:79  warning  Unexpected any. Specify a different type  @typescript-eslint/no-explicit-any
   59:79  warning  Unexpected any. Specify a different type  @typescript-eslint/no-explicit-any
  119:79  warning  Unexpected any. Specify a different type  @typescript-eslint/no-explicit-any

/app/apps/web/src/app/api/workspaces/[workspaceId]/channels/route.ts
  51:79  warning  Unexpected any. Specify a different type  @typescript-eslint/no-explicit-any
  78:79  warning  Unexpected any. Specify a different type  @typescript-eslint/no-explicit-any

/app/apps/web/src/app/api/workspaces/[workspaceId]/departments/[departmentId]/announcements/route.ts
  31:79  warning  Unexpected any. Specify a different type  @typescript-eslint/no-explicit-any
  49:18  warning  Unexpected any. Specify a different type  @typescript-eslint/no-explicit-any
  93:79  warning  Unexpected any. Specify a different type  @typescript-eslint/no-explicit-any

/app/apps/web/src/app/api/workspaces/[workspaceId]/departments/[departmentId]/route.ts
   19:33  warning  Unexpected any. Specify a different type  @typescript-eslint/no-explicit-any
   23:79  warning  Unexpected any. Specify a different type  @typescript-eslint/no-explicit-any
   76:33  warning  Unexpected any. Specify a different type  @typescript-eslint/no-explicit-any
   80:79  warning  Unexpected any. Specify a different type  @typescript-eslint/no-explicit-any
  105:36  warning  Unexpected any. Specify a different type  @typescript-eslint/no-explicit-any
  117:27  warning  Unexpected any. Specify a different type  @typescript-eslint/no-explicit-any
  133:33  warning  Unexpected any. Specify a different type  @typescript-eslint/no-explicit-any
  137:79  warning  Unexpected any. Specify a different type  @typescript-eslint/no-explicit-any

/app/apps/web/src/app/api/workspaces/[workspaceId]/departments/route.ts
   24:79  warning  Unexpected any. Specify a different type  @typescript-eslint/no-explicit-any
   27:79  warning  Unexpected any. Specify a different type  @typescript-eslint/no-explicit-any
   64:80  warning  Unexpected any. Specify a different type  @typescript-eslint/no-explicit-any
   67:79  warning  Unexpected any. Specify a different type  @typescript-eslint/no-explicit-any
  119:36  warning  Unexpected any. Specify a different type  @typescript-eslint/no-explicit-any

/app/apps/web/src/app/api/workspaces/[workspaceId]/emojis/route.ts
   8:79  warning  Unexpected any. Specify a different type  @typescript-eslint/no-explicit-any
  34:79  warning  Unexpected any. Specify a different type  @typescript-eslint/no-explicit-any

/app/apps/web/src/app/api/workspaces/[workspaceId]/integrations/[integrationId]/route.ts
   14:33  warning  Unexpected any. Specify a different type  @typescript-eslint/no-explicit-any
   18:79  warning  Unexpected any. Specify a different type  @typescript-eslint/no-explicit-any
   43:33  warning  Unexpected any. Specify a different type  @typescript-eslint/no-explicit-any
   47:79  warning  Unexpected any. Specify a different type  @typescript-eslint/no-explicit-any
   99:33  warning  Unexpected any. Specify a different type  @typescript-eslint/no-explicit-any
  103:79  warning  Unexpected any. Specify a different type  @typescript-eslint/no-explicit-any

/app/apps/web/src/app/api/workspaces/[workspaceId]/integrations/[integrationId]/test/route.ts
  12:79  warning  Unexpected any. Specify a different type  @typescript-eslint/no-explicit-any
  25:57  warning  Unexpected any. Specify a different type  @typescript-eslint/no-explicit-any

/app/apps/web/src/app/api/workspaces/[workspaceId]/integrations/route.ts
  130:79  warning  Unexpected any. Specify a different type  @typescript-eslint/no-explicit-any
  156:59  warning  Unexpected any. Specify a different type  @typescript-eslint/no-explicit-any
  187:79  warning  Unexpected any. Specify a different type  @typescript-eslint/no-explicit-any
  221:14  warning  Unexpected any. Specify a different type  @typescript-eslint/no-explicit-any

/app/apps/web/src/app/api/workspaces/[workspaceId]/invite-links/route.ts
  12:79  warning  Unexpected any. Specify a different type  @typescript-eslint/no-explicit-any
  43:79  warning  Unexpected any. Specify a different type  @typescript-eslint/no-explicit-any

/app/apps/web/src/app/api/workspaces/[workspaceId]/members/[memberId]/route.ts
  14:79  warning  Unexpected any. Specify a different type  @typescript-eslint/no-explicit-any
  83:79  warning  Unexpected any. Specify a different type  @typescript-eslint/no-explicit-any

/app/apps/web/src/app/api/workspaces/[workspaceId]/members/route.ts
   6:10  warning  'publishToAbly' is defined but never used                @typescript-eslint/no-unused-vars
   6:25  warning  'AblyChannels' is defined but never used                 @typescript-eslint/no-unused-vars
   8:7   warning  'updateMemberSchema' is assigned a value but never used  @typescript-eslint/no-unused-vars
  15:79  warning  Unexpected any. Specify a different type                 @typescript-eslint/no-explicit-any

/app/apps/web/src/app/api/workspaces/[workspaceId]/route.ts
   15:79  warning  Unexpected any. Specify a different type  @typescript-eslint/no-explicit-any
   18:79  warning  Unexpected any. Specify a different type  @typescript-eslint/no-explicit-any
   80:81  warning  Unexpected any. Specify a different type  @typescript-eslint/no-explicit-any
   83:79  warning  Unexpected any. Specify a different type  @typescript-eslint/no-explicit-any
  139:82  warning  Unexpected any. Specify a different type  @typescript-eslint/no-explicit-any
  142:79  warning  Unexpected any. Specify a different type  @typescript-eslint/no-explicit-any

/app/apps/web/src/app/api/workspaces/[workspaceId]/teams/route.ts
  27:79  warning  Unexpected any. Specify a different type  @typescript-eslint/no-explicit-any
  43:18  warning  Unexpected any. Specify a different type  @typescript-eslint/no-explicit-any
  72:79  warning  Unexpected any. Specify a different type  @typescript-eslint/no-explicit-any

/app/apps/web/src/app/api/workspaces/[workspaceId]/webhooks/[webhookId]/route.ts
  17:79  warning  Unexpected any. Specify a different type  @typescript-eslint/no-explicit-any
  51:79  warning  Unexpected any. Specify a different type  @typescript-eslint/no-explicit-any

/app/apps/web/src/app/api/workspaces/[workspaceId]/webhooks/route.ts
  16:79  warning  Unexpected any. Specify a different type  @typescript-eslint/no-explicit-any
  44:79  warning  Unexpected any. Specify a different type  @typescript-eslint/no-explicit-any

/app/apps/web/src/app/api/workspaces/route.ts
  18:27  warning  'request' is defined but never used. Allowed unused args must match /^_/u  @typescript-eslint/no-unused-vars
  20:79  warning  Unexpected any. Specify a different type                                   @typescript-eslint/no-explicit-any
  72:79  warning  Unexpected any. Specify a different type                                   @typescript-eslint/no-explicit-any

/app/apps/web/src/app/developer/applications/page.tsx
   9:36  warning  Unexpected any. Specify a different type   @typescript-eslint/no-explicit-any
  58:28  warning  'data' is assigned a value but never used  @typescript-eslint/no-unused-vars

/app/apps/web/src/app/docs/[slug]/page.tsx
  14:9  warning  'router' is assigned a value but never used  @typescript-eslint/no-unused-vars

/app/apps/web/src/app/docs/api/page.tsx
  4:10  warning  'ScrollArea' is defined but never used  @typescript-eslint/no-unused-vars

/app/apps/web/src/app/docs/page.tsx
  9:9  warning  'router' is assigned a value but never used  @typescript-eslint/no-unused-vars

/app/apps/web/src/app/friends/page.tsx
   10:28  warning  'Check' is defined but never used         @typescript-eslint/no-unused-vars
   10:35  warning  'X' is defined but never used             @typescript-eslint/no-unused-vars
   10:85  warning  'Menu' is defined but never used          @typescript-eslint/no-unused-vars
   35:10  warning  'cn' is defined but never used            @typescript-eslint/no-unused-vars
   66:14  warning  'error' is defined but never used         @typescript-eslint/no-unused-vars
   75:14  warning  'error' is defined but never used         @typescript-eslint/no-unused-vars
   84:14  warning  'error' is defined but never used         @typescript-eslint/no-unused-vars
  105:21  warning  Unexpected any. Specify a different type  @typescript-eslint/no-explicit-any
  123:14  warning  'error' is defined but never used         @typescript-eslint/no-unused-vars
  135:24  warning  Unexpected any. Specify a different type  @typescript-eslint/no-explicit-any
  136:29  warning  Unexpected any. Specify a different type  @typescript-eslint/no-explicit-any
  137:33  warning  Unexpected any. Specify a different type  @typescript-eslint/no-explicit-any
  273:38  warning  Unexpected any. Specify a different type  @typescript-eslint/no-explicit-any
  327:48  warning  Unexpected any. Specify a different type  @typescript-eslint/no-explicit-any
  363:46  warning  Unexpected any. Specify a different type  @typescript-eslint/no-explicit-any
  411:44  warning  Unexpected any. Specify a different type  @typescript-eslint/no-explicit-any
  450:43  warning  Unexpected any. Specify a different type  @typescript-eslint/no-explicit-any

/app/apps/web/src/app/integrations/page.tsx
  4:24  warning  'Plus' is defined but never used             @typescript-eslint/no-unused-vars
  4:30  warning  'Copy' is defined but never used             @typescript-eslint/no-unused-vars
  4:36  warning  'Trash2' is defined but never used           @typescript-eslint/no-unused-vars
  4:44  warning  'Eye' is defined but never used              @typescript-eslint/no-unused-vars
  4:49  warning  'EyeOff' is defined but never used           @typescript-eslint/no-unused-vars
  4:57  warning  'RefreshCw' is defined but never used        @typescript-eslint/no-unused-vars
  4:68  warning  'Activity' is defined but never used         @typescript-eslint/no-unused-vars
  4:78  warning  'Shield' is defined but never used           @typescript-eslint/no-unused-vars
  6:10  warning  'Card' is defined but never used             @typescript-eslint/no-unused-vars
  6:16  warning  'CardContent' is defined but never used      @typescript-eslint/no-unused-vars
  6:29  warning  'CardDescription' is defined but never used  @typescript-eslint/no-unused-vars
  6:46  warning  'CardHeader' is defined but never used       @typescript-eslint/no-unused-vars
  6:58  warning  'CardTitle' is defined but never used        @typescript-eslint/no-unused-vars

/app/apps/web/src/app/invite/[token]/invite-client.tsx
   3:10  warning  'useEffect' is defined but never used     @typescript-eslint/no-unused-vars
  15:24  warning  Unexpected any. Specify a different type  @typescript-eslint/no-explicit-any
  46:23  warning  Unexpected any. Specify a different type  @typescript-eslint/no-explicit-any

/app/apps/web/src/app/layout.tsx
  2:10  warning  'Geist' is defined but never used       @typescript-eslint/no-unused-vars
  2:17  warning  'Geist_Mono' is defined but never used  @typescript-eslint/no-unused-vars

/app/apps/web/src/app/login/page.tsx
  48:18  warning  'error' is defined but never used  @typescript-eslint/no-unused-vars
  66:18  warning  'error' is defined but never used  @typescript-eslint/no-unused-vars

/app/apps/web/src/app/notifications/page.tsx
    7:10   warning  'Avatar' is defined but never used                                  @typescript-eslint/no-unused-vars
    7:18   warning  'AvatarFallback' is defined but never used                          @typescript-eslint/no-unused-vars
    7:34   warning  'AvatarImage' is defined but never used                             @typescript-eslint/no-unused-vars
    8:10   warning  'Badge' is defined but never used                                   @typescript-eslint/no-unused-vars
    9:31   warning  'MessageSquare' is defined but never used                           @typescript-eslint/no-unused-vars
    9:84   warning  'X' is defined but never used                                       @typescript-eslint/no-unused-vars
    9:87   warning  'Menu' is defined but never used                                    @typescript-eslint/no-unused-vars
   30:42   warning  Unexpected any. Specify a different type                            @typescript-eslint/no-explicit-any
   30:61   warning  Unexpected any. Specify a different type                            @typescript-eslint/no-explicit-any
   32:11   warning  The value assigned to 'label' is not used in subsequent statements  no-useless-assignment
   48:14   warning  'error' is defined but never used                                   @typescript-eslint/no-unused-vars
   56:14   warning  'error' is defined but never used                                   @typescript-eslint/no-unused-vars
   65:14   warning  'error' is defined but never used                                   @typescript-eslint/no-unused-vars
  102:133  warning  Unexpected any. Specify a different type                            @typescript-eslint/no-explicit-any
  109:69   warning  Unexpected any. Specify a different type                            @typescript-eslint/no-explicit-any
  134:80   warning  Unexpected any. Specify a different type                            @typescript-eslint/no-explicit-any
  138:45   warning  Unexpected any. Specify a different type                            @typescript-eslint/no-explicit-any

/app/apps/web/src/app/page.tsx
  83:34  warning  Unexpected any. Specify a different type  @typescript-eslint/no-explicit-any

/app/apps/web/src/app/signup/page.tsx
   3:10  warning  'useEffect' is defined but never used  @typescript-eslint/no-unused-vars
  98:18  warning  'error' is defined but never used      @typescript-eslint/no-unused-vars

/app/apps/web/src/app/widget/client.tsx
    4:31  warning  'useMemo' is defined but never used                @typescript-eslint/no-unused-vars
   80:15  warning  'workspaceRes' is assigned a value but never used  @typescript-eslint/no-unused-vars
  103:45  warning  Unexpected any. Specify a different type           @typescript-eslint/no-explicit-any
  113:52  warning  Unexpected any. Specify a different type           @typescript-eslint/no-explicit-any
  127:31  warning  Unexpected any. Specify a different type           @typescript-eslint/no-explicit-any
  136:21  warning  Unexpected any. Specify a different type           @typescript-eslint/no-explicit-any

/app/apps/web/src/app/workspace/[slug]/channels/[channelSlug]/client.tsx
  18:42  warning  Unexpected any. Specify a different type  @typescript-eslint/no-explicit-any
  20:38  warning  Unexpected any. Specify a different type  @typescript-eslint/no-explicit-any

/app/apps/web/src/app/workspace/[slug]/channels/[channelSlug]/settings/page.tsx
  32:11  warning  'slug' is assigned a value but never used  @typescript-eslint/no-unused-vars

/app/apps/web/src/app/workspace/[slug]/members/page.tsx
    6:94  warning  'Menu' is defined but never used                  @typescript-eslint/no-unused-vars
   35:3   warning  'useInviteToWorkspace' is defined but never used  @typescript-eslint/no-unused-vars
   51:9   warning  'router' is assigned a value but never used       @typescript-eslint/no-unused-vars
   63:42  warning  Unexpected any. Specify a different type          @typescript-eslint/no-explicit-any
   68:17  warning  'inviteLinks' is assigned a value but never used  @typescript-eslint/no-unused-vars
   76:51  warning  Unexpected any. Specify a different type          @typescript-eslint/no-explicit-any
  286:42  warning  Unexpected any. Specify a different type          @typescript-eslint/no-explicit-any

/app/apps/web/src/app/workspace/[slug]/page.tsx
   9:10  warning  'Building2' is defined but never used     @typescript-eslint/no-unused-vars
  24:42  warning  Unexpected any. Specify a different type  @typescript-eslint/no-explicit-any

/app/apps/web/src/app/workspace/[slug]/settings/client.tsx
   3:28  warning  'LinkIcon' is defined but never used      @typescript-eslint/no-unused-vars
   3:38  warning  'Menu' is defined but never used          @typescript-eslint/no-unused-vars
  23:14  warning  Unexpected any. Specify a different type  @typescript-eslint/no-explicit-any
  30:62  warning  Unexpected any. Specify a different type  @typescript-eslint/no-explicit-any

/app/apps/web/src/hooks/api/use-channels.ts
  43:36  warning  Unexpected any. Specify a different type                              @typescript-eslint/no-explicit-any
  88:16  warning  'id' is defined but never used. Allowed unused args must match /^_/u  @typescript-eslint/no-unused-vars

/app/apps/web/src/hooks/api/use-invitations.ts
  12:11  warning  'AcceptInvitationData' is defined but never used  @typescript-eslint/no-unused-vars

/app/apps/web/src/hooks/api/use-messages.ts
   24:49  warning  Unexpected any. Specify a different type                          @typescript-eslint/no-explicit-any
   28:11  warning  The value assigned to 'url' is not used in subsequent statements  no-useless-assignment
   64:11  warning  The value assigned to 'url' is not used in subsequent statements  no-useless-assignment
  142:43  warning  Unexpected any. Specify a different type                          @typescript-eslint/no-explicit-any
  143:64  warning  Unexpected any. Specify a different type                          @typescript-eslint/no-explicit-any
  143:95  warning  Unexpected any. Specify a different type                          @typescript-eslint/no-explicit-any
  181:23  warning  Unexpected any. Specify a different type                          @typescript-eslint/no-explicit-any
  188:58  warning  Unexpected any. Specify a different type                          @typescript-eslint/no-explicit-any
  192:43  warning  Unexpected any. Specify a different type                          @typescript-eslint/no-explicit-any
  194:45  warning  Unexpected any. Specify a different type                          @typescript-eslint/no-explicit-any
  267:21  warning  Unexpected any. Specify a different type                          @typescript-eslint/no-explicit-any

/app/apps/web/src/hooks/api/use-notifications.ts
  7:33  warning  Unexpected any. Specify a different type  @typescript-eslint/no-explicit-any

/app/apps/web/src/hooks/api/use-reactions.ts
  30:67  warning  Unexpected any. Specify a different type  @typescript-eslint/no-explicit-any
  34:39  warning  Unexpected any. Specify a different type  @typescript-eslint/no-explicit-any
  36:47  warning  Unexpected any. Specify a different type  @typescript-eslint/no-explicit-any
  38:66  warning  Unexpected any. Specify a different type  @typescript-eslint/no-explicit-any
  42:54  warning  Unexpected any. Specify a different type  @typescript-eslint/no-explicit-any

/app/apps/web/src/hooks/api/use-workspaces.ts
  282:30  warning  Unexpected any. Specify a different type  @typescript-eslint/no-explicit-any
  307:39  warning  Unexpected any. Specify a different type  @typescript-eslint/no-explicit-any

/app/apps/web/src/lib/ai/assistant-security.ts
   66:14  warning  Unexpected any. Specify a different type  @typescript-eslint/no-explicit-any
   71:19  warning  Unexpected any. Specify a different type  @typescript-eslint/no-explicit-any
   96:38  warning  Unexpected any. Specify a different type  @typescript-eslint/no-explicit-any
   96:60  warning  Unexpected any. Specify a different type  @typescript-eslint/no-explicit-any
  105:22  warning  Unexpected any. Specify a different type  @typescript-eslint/no-explicit-any

/app/apps/web/src/lib/api-client.ts
  5:12  warning  Unexpected constant truthiness on the left-hand side of a `||` expression  no-constant-binary-expression

/app/apps/web/src/lib/assets/asset-utils.ts
  14:69  warning  Unexpected any. Specify a different type  @typescript-eslint/no-explicit-any
  72:14  warning  Unexpected any. Specify a different type  @typescript-eslint/no-explicit-any

/app/apps/web/src/lib/auth/api-auth.ts
  71:47  warning  Unexpected any. Specify a different type  @typescript-eslint/no-explicit-any

/app/apps/web/src/lib/auth/api-v2-auth.ts
   69:78   warning  Unexpected any. Specify a different type  @typescript-eslint/no-explicit-any
   69:107  warning  Unexpected any. Specify a different type  @typescript-eslint/no-explicit-any
   99:58   warning  Unexpected any. Specify a different type  @typescript-eslint/no-explicit-any
  134:50   warning  Unexpected any. Specify a different type  @typescript-eslint/no-explicit-any
  173:82   warning  Unexpected any. Specify a different type  @typescript-eslint/no-explicit-any
  173:111  warning  Unexpected any. Specify a different type  @typescript-eslint/no-explicit-any
  228:16   warning  Unexpected any. Specify a different type  @typescript-eslint/no-explicit-any

/app/apps/web/src/lib/gateway/dispatch.ts
    7:43  warning  Unexpected any. Specify a different type  @typescript-eslint/no-explicit-any
    7:57  warning  Unexpected any. Specify a different type  @typescript-eslint/no-explicit-any
   73:43  warning  Unexpected any. Specify a different type  @typescript-eslint/no-explicit-any
   73:57  warning  Unexpected any. Specify a different type  @typescript-eslint/no-explicit-any
   92:43  warning  Unexpected any. Specify a different type  @typescript-eslint/no-explicit-any
  109:41  warning  Unexpected any. Specify a different type  @typescript-eslint/no-explicit-any
  109:57  warning  Unexpected any. Specify a different type  @typescript-eslint/no-explicit-any
  120:44  warning  Unexpected any. Specify a different type  @typescript-eslint/no-explicit-any

/app/apps/web/src/lib/gateway/handler.ts
  10:48  warning  Unexpected any. Specify a different type      @typescript-eslint/no-explicit-any
  15:7   warning  Unexpected lexical declaration in case block  no-case-declarations
  16:7   warning  Unexpected lexical declaration in case block  no-case-declarations
  23:7   warning  Unexpected lexical declaration in case block  no-case-declarations
  51:7   warning  Unexpected lexical declaration in case block  no-case-declarations

/app/apps/web/src/lib/gateway/types.ts
  17:6  warning  Unexpected any. Specify a different type  @typescript-eslint/no-explicit-any

/app/apps/web/src/lib/integrations/ably.ts
   58:6   warning  Unexpected any. Specify a different type  @typescript-eslint/no-explicit-any
   94:63  warning  Unexpected any. Specify a different type  @typescript-eslint/no-explicit-any
  106:73  warning  Unexpected any. Specify a different type  @typescript-eslint/no-explicit-any
  118:83  warning  Unexpected any. Specify a different type  @typescript-eslint/no-explicit-any
  130:89  warning  Unexpected any. Specify a different type  @typescript-eslint/no-explicit-any

/app/apps/web/src/lib/integrations/integration-service.ts
    9:24  warning  Unexpected any. Specify a different type  @typescript-eslint/no-explicit-any
   15:12  warning  Unexpected any. Specify a different type  @typescript-eslint/no-explicit-any
   16:17  warning  Unexpected any. Specify a different type  @typescript-eslint/no-explicit-any
  133:67  warning  Unexpected any. Specify a different type  @typescript-eslint/no-explicit-any
  194:62  warning  Unexpected any. Specify a different type  @typescript-eslint/no-explicit-any
  279:29  warning  Unexpected any. Specify a different type  @typescript-eslint/no-explicit-any

/app/apps/web/src/lib/integrations/workspace-webhook.ts
  3:92  warning  Unexpected any. Specify a different type  @typescript-eslint/no-explicit-any

/app/apps/web/src/lib/message-renderer.tsx
  17:26  warning  Unnecessary escape character: \.          no-useless-escape
  33:71  warning  Unexpected any. Specify a different type  @typescript-eslint/no-explicit-any
  35:69  warning  Unexpected any. Specify a different type  @typescript-eslint/no-explicit-any

/app/apps/web/src/lib/notifications/notifications.ts
  13:29   warning  Unexpected any. Specify a different type  @typescript-eslint/no-explicit-any
  64:105  warning  Unexpected any. Specify a different type  @typescript-eslint/no-explicit-any

/app/apps/web/src/lib/notifications/push-notifications.ts
  133:19  warning  Unexpected any. Specify a different type  @typescript-eslint/no-explicit-any
  216:19  warning  Unexpected any. Specify a different type  @typescript-eslint/no-explicit-any
  294:19  warning  Unexpected any. Specify a different type  @typescript-eslint/no-explicit-any

/app/apps/web/src/lib/notifications/scheduled-notifications.ts
   20:29  warning  Unexpected any. Specify a different type  @typescript-eslint/no-explicit-any
   32:40  warning  Unexpected any. Specify a different type  @typescript-eslint/no-explicit-any
   47:21  warning  Unexpected any. Specify a different type  @typescript-eslint/no-explicit-any
  115:48  warning  Unexpected any. Specify a different type  @typescript-eslint/no-explicit-any
  118:59  warning  Unexpected any. Specify a different type  @typescript-eslint/no-explicit-any
  158:21  warning  Unexpected any. Specify a different type  @typescript-eslint/no-explicit-any
  177:46  warning  Unexpected any. Specify a different type  @typescript-eslint/no-explicit-any
  179:49  warning  Unexpected any. Specify a different type  @typescript-eslint/no-explicit-any
  283:40  warning  Unexpected any. Specify a different type  @typescript-eslint/no-explicit-any
  311:40  warning  Unexpected any. Specify a different type  @typescript-eslint/no-explicit-any
  322:45  warning  Unexpected any. Specify a different type  @typescript-eslint/no-explicit-any

/app/apps/web/src/lib/system-messages.ts
   10:29  warning  Unexpected any. Specify a different type  @typescript-eslint/no-explicit-any
   82:64  warning  Unexpected any. Specify a different type  @typescript-eslint/no-explicit-any
   93:89  warning  Unexpected any. Specify a different type  @typescript-eslint/no-explicit-any
  104:91  warning  Unexpected any. Specify a different type  @typescript-eslint/no-explicit-any
  128:12  warning  Unexpected any. Specify a different type  @typescript-eslint/no-explicit-any

/app/apps/web/src/lib/types/custom-message-schema.ts
  7:26  warning  Unexpected any. Specify a different type  @typescript-eslint/no-explicit-any

/app/apps/web/src/lib/types/index.ts
  51:18  warning  Unexpected any. Specify a different type  @typescript-eslint/no-explicit-any

/app/apps/web/src/lib/utils/external-message-utils.ts
    8:29  warning  Unexpected any. Specify a different type  @typescript-eslint/no-explicit-any
   42:13  warning  Unexpected any. Specify a different type  @typescript-eslint/no-explicit-any
  184:83  warning  Unexpected any. Specify a different type  @typescript-eslint/no-explicit-any
  194:40  warning  Unexpected any. Specify a different type  @typescript-eslint/no-explicit-any
  224:21  warning  Unexpected any. Specify a different type  @typescript-eslint/no-explicit-any

/app/apps/web/src/lib/utils/index.ts
  3:40  warning  'formatDistanceToNow' is defined but never used  @typescript-eslint/no-unused-vars

/app/apps/web/src/lib/utils/json-utils.ts
  6:32  warning  Unexpected any. Specify a different type  @typescript-eslint/no-explicit-any

/app/apps/web/src/lib/utils/mention-utils.tsx
  35:59  warning  Unexpected any. Specify a different type  @typescript-eslint/no-explicit-any

/app/apps/web/src/lib/webhooks.ts
   8:11  warning  Unexpected any. Specify a different type  @typescript-eslint/no-explicit-any
  16:85  warning  Unexpected any. Specify a different type  @typescript-eslint/no-explicit-any
  59:43  warning  Unexpected any. Specify a different type  @typescript-eslint/no-explicit-any
  63:30  warning  Unexpected any. Specify a different type  @typescript-eslint/no-explicit-any
  67:29  warning  Unexpected any. Specify a different type  @typescript-eslint/no-explicit-any
  73:43  warning  Unexpected any. Specify a different type  @typescript-eslint/no-explicit-any
  78:30  warning  Unexpected any. Specify a different type  @typescript-eslint/no-explicit-any

✖ 460 problems (0 errors, 460 warnings)
